  TerrainGeneration.cpp
C:\Users\tomth\Desktop\CW2\322\TerrainShaderized\TerrainGeneration.cpp(166,11): warning C4244:  '=': conversion from 'int' to 'float', possible loss of data
C:\Users\tomth\Desktop\CW2\322\TerrainShaderized\TerrainGeneration.cpp(167,11): warning C4244:  '=': conversion from 'int' to 'float', possible loss of data
C:\Users\tomth\Desktop\CW2\322\TerrainShaderized\TerrainGeneration.cpp(173,10): warning C4244:  '=': conversion from 'int' to 'float', possible loss of data
C:\Users\tomth\Desktop\CW2\322\TerrainShaderized\TerrainGeneration.cpp(174,10): warning C4244:  '=': conversion from 'int' to 'float', possible loss of data
C:\Users\tomth\Desktop\CW2\322\TerrainShaderized\TerrainGeneration.cpp(199,17): warning C4244:  '=': conversion from 'int' to 'float', possible loss of data
C:\Users\tomth\Desktop\CW2\322\TerrainShaderized\TerrainGeneration.cpp(200,17): warning C4244:  '=': conversion from 'int' to 'float', possible loss of data
C:\Users\tomth\Desktop\CW2\322\TerrainShaderized\TerrainGeneration.cpp(204,17): warning C4244:  '=': conversion from 'int' to 'float', possible loss of data
C:\Users\tomth\Desktop\CW2\322\TerrainShaderized\TerrainGeneration.cpp(205,17): warning C4244:  '=': conversion from 'int' to 'float', possible loss of data
C:\Users\tomth\Desktop\CW2\322\TerrainShaderized\TerrainGeneration.cpp(274,12): warning C4244:  'argument': conversion from 'time_t' to 'unsigned int', possible loss of data
C:\Users\tomth\Desktop\CW2\322\TerrainShaderized\TerrainGeneration.cpp(275,50): warning C4316:  'Plane': object allocated on the heap may not be aligned 16
C:\Users\tomth\Desktop\CW2\322\TerrainShaderized\TerrainGeneration.cpp(276,44): warning C4316:  'Plane': object allocated on the heap may not be aligned 16
C:\Users\tomth\Desktop\CW2\322\TerrainShaderized\TerrainGeneration.cpp(279,20): warning C4018:  '<': signed/unsigned mismatch
C:\Users\tomth\Desktop\CW2\322\TerrainShaderized\TerrainGeneration.cpp(304,20): warning C4018:  '<': signed/unsigned mismatch
C:\Users\tomth\Desktop\CW2\322\TerrainShaderized\TerrainGeneration.cpp(373,20): warning C4018:  '<': signed/unsigned mismatch
C:\Users\tomth\Desktop\CW2\322\TerrainShaderized\TerrainGeneration.cpp(376,20): warning C4018:  '<': signed/unsigned mismatch
C:\Users\tomth\Desktop\CW2\322\TerrainShaderized\TerrainGeneration.cpp(421,20): warning C4018:  '<': signed/unsigned mismatch
C:\Users\tomth\Desktop\CW2\322\TerrainShaderized\TerrainGeneration.cpp(437,20): warning C4018:  '<': signed/unsigned mismatch
C:\Users\tomth\Desktop\CW2\322\TerrainShaderized\TerrainGeneration.cpp(475,19): warning C4305:  '+=': truncation from 'double' to 'float'
C:\Users\tomth\Desktop\CW2\322\TerrainShaderized\TerrainGeneration.cpp(501,13): warning C4244:  'argument': conversion from 'time_t' to 'unsigned int', possible loss of data
  TerrainShaderized.vcxproj -> C:\Users\tomth\Desktop\CW2\322\TerrainShaderized\Debug\TerrainShaderized.exe
